  源.cpp
d:\documents\visual studio 2015\projects\consoleapplication24\consoleapplication24\源.cpp(3): warning C4067: 预处理器指令后有意外标记 - 应输入换行符
d:\documents\visual studio 2015\projects\consoleapplication24\consoleapplication24\源.cpp(11): warning C4996: 'scanf': This function or variable may be unsafe. Consider using scanf_s instead. To disable deprecation, use _CRT_SECURE_NO_WARNINGS. See online help for details.
  c:\program files (x86)\windows kits\10\include\10.0.10240.0\ucrt\stdio.h(1270): note: 参见“scanf”的声明
d:\documents\visual studio 2015\projects\consoleapplication24\consoleapplication24\源.cpp(13): warning C4996: 'scanf': This function or variable may be unsafe. Consider using scanf_s instead. To disable deprecation, use _CRT_SECURE_NO_WARNINGS. See online help for details.
  c:\program files (x86)\windows kits\10\include\10.0.10240.0\ucrt\stdio.h(1270): note: 参见“scanf”的声明
d:\documents\visual studio 2015\projects\consoleapplication24\consoleapplication24\源.cpp(20): warning C4996: 'scanf': This function or variable may be unsafe. Consider using scanf_s instead. To disable deprecation, use _CRT_SECURE_NO_WARNINGS. See online help for details.
  c:\program files (x86)\windows kits\10\include\10.0.10240.0\ucrt\stdio.h(1270): note: 参见“scanf”的声明
d:\documents\visual studio 2015\projects\consoleapplication24\consoleapplication24\源.cpp(25): warning C4996: 'scanf': This function or variable may be unsafe. Consider using scanf_s instead. To disable deprecation, use _CRT_SECURE_NO_WARNINGS. See online help for details.
  c:\program files (x86)\windows kits\10\include\10.0.10240.0\ucrt\stdio.h(1270): note: 参见“scanf”的声明
d:\documents\visual studio 2015\projects\consoleapplication24\consoleapplication24\源.cpp(32): warning C4996: 'scanf': This function or variable may be unsafe. Consider using scanf_s instead. To disable deprecation, use _CRT_SECURE_NO_WARNINGS. See online help for details.
  c:\program files (x86)\windows kits\10\include\10.0.10240.0\ucrt\stdio.h(1270): note: 参见“scanf”的声明
d:\documents\visual studio 2015\projects\consoleapplication24\consoleapplication24\源.cpp(45): warning C4996: 'scanf': This function or variable may be unsafe. Consider using scanf_s instead. To disable deprecation, use _CRT_SECURE_NO_WARNINGS. See online help for details.
  c:\program files (x86)\windows kits\10\include\10.0.10240.0\ucrt\stdio.h(1270): note: 参见“scanf”的声明
d:\documents\visual studio 2015\projects\consoleapplication24\consoleapplication24\源.cpp(57): warning C4996: 'scanf': This function or variable may be unsafe. Consider using scanf_s instead. To disable deprecation, use _CRT_SECURE_NO_WARNINGS. See online help for details.
  c:\program files (x86)\windows kits\10\include\10.0.10240.0\ucrt\stdio.h(1270): note: 参见“scanf”的声明
d:\documents\visual studio 2015\projects\consoleapplication24\consoleapplication24\源.cpp(68): warning C4996: 'scanf': This function or variable may be unsafe. Consider using scanf_s instead. To disable deprecation, use _CRT_SECURE_NO_WARNINGS. See online help for details.
  c:\program files (x86)\windows kits\10\include\10.0.10240.0\ucrt\stdio.h(1270): note: 参见“scanf”的声明
d:\documents\visual studio 2015\projects\consoleapplication24\consoleapplication24\源.cpp(72): warning C4996: 'scanf': This function or variable may be unsafe. Consider using scanf_s instead. To disable deprecation, use _CRT_SECURE_NO_WARNINGS. See online help for details.
  c:\program files (x86)\windows kits\10\include\10.0.10240.0\ucrt\stdio.h(1270): note: 参见“scanf”的声明
  List.cpp
  正在生成代码...
  ConsoleApplication24.vcxproj -> d:\documents\visual studio 2015\Projects\ConsoleApplication24\Debug\ConsoleApplication24.exe
  ConsoleApplication24.vcxproj -> d:\documents\visual studio 2015\Projects\ConsoleApplication24\Debug\ConsoleApplication24.pdb (Full PDB)
